2024-09-10 23:28:34,654 - WDM - INFO - ====== WebDriver manager ======
2024-09-10 23:28:34,684 - WDM - INFO - Get LATEST chromedriver version for google-chrome
2024-09-10 23:28:34,685 - urllib3.connectionpool - DEBUG - Starting new HTTPS connection (1): chromedriver.storage.googleapis.com:443
2024-09-10 23:28:35,131 - urllib3.connectionpool - DEBUG - https://chromedriver.storage.googleapis.com:443 "GET /LATEST_RELEASE HTTP/11" 200 13
2024-09-10 23:28:35,131 - WDM - INFO - About to download new driver from https://chromedriver.storage.googleapis.com/114.0.5735.90/chromedriver_linux64.zip
2024-09-10 23:28:35,132 - urllib3.connectionpool - DEBUG - Starting new HTTPS connection (1): chromedriver.storage.googleapis.com:443
2024-09-10 23:28:35,365 - urllib3.connectionpool - DEBUG - https://chromedriver.storage.googleapis.com:443 "GET /114.0.5735.90/chromedriver_linux64.zip HTTP/11" 200 7407250
2024-09-10 23:28:35,366 - WDM - INFO - Driver downloading response is 200
2024-09-10 23:28:36,710 - WDM - INFO - Get LATEST chromedriver version for google-chrome
2024-09-10 23:28:36,711 - urllib3.connectionpool - DEBUG - Starting new HTTPS connection (1): chromedriver.storage.googleapis.com:443
2024-09-10 23:28:36,895 - urllib3.connectionpool - DEBUG - https://chromedriver.storage.googleapis.com:443 "GET /LATEST_RELEASE HTTP/11" 200 13
2024-09-10 23:28:36,989 - WDM - INFO - Get LATEST chromedriver version for google-chrome
2024-09-10 23:28:36,990 - urllib3.connectionpool - DEBUG - Starting new HTTPS connection (1): chromedriver.storage.googleapis.com:443
2024-09-10 23:28:37,166 - urllib3.connectionpool - DEBUG - https://chromedriver.storage.googleapis.com:443 "GET /LATEST_RELEASE HTTP/11" 200 13
2024-09-10 23:28:37,184 - WDM - INFO - Driver has been saved in cache [/home/adhil/.wdm/drivers/chromedriver/linux64/114.0.5735.90]
2024-09-10 23:28:37,185 - selenium.webdriver.common.service - DEBUG - Started executable: `/home/adhil/.wdm/drivers/chromedriver/linux64/114.0.5735.90/chromedriver` in a child process with pid: 8292
2024-09-10 23:28:37,687 - selenium.webdriver.remote.remote_connection - DEBUG - POST http://localhost:52165/session {"capabilities": {"firstMatch": [{}], "alwaysMatch": {"browserName": "chrome", "pageLoadStrategy": "normal", "goog:chromeOptions": {"excludeSwitches": ["enable-automation", "enable-logging"], "prefs": {"profile.default_content_setting_values.images": 2, "profile.managed_default_content_settings.stylesheets": 2}, "extensions": [], "args": ["--start-maximized", "--no-sandbox", "--disable-dev-shm-usage", "--ignore-certificate-errors", "--disable-extensions", "--disable-gpu", "window-size=1200x800", "--disable-background-timer-throttling", "--disable-backgrounding-occluded-windows", "--disable-translate", "--disable-popup-blocking", "--no-first-run", "--no-default-browser-check", "--disable-logging", "--disable-autofill", "--disable-plugins", "--disable-animations", "--disable-cache", "--user-data-dir=/home/adhil/Projects/linkedIn_auto_jobs_applier_with_AI/chrome_profile", "--profile-directory=linkedin_profile"]}}}}
2024-09-10 23:28:37,687 - urllib3.connectionpool - DEBUG - Starting new HTTP connection (1): localhost:52165
2024-09-10 23:28:37,693 - urllib3.connectionpool - DEBUG - http://localhost:52165 "POST /session HTTP/11" 500 0
2024-09-10 23:28:37,693 - selenium.webdriver.remote.remote_connection - DEBUG - Remote response: status=500 | data={"value":{"error":"unknown error","message":"unknown error: cannot find Chrome binary","stacktrace":"#0 0x55b0d39bb4e3 \u003Cunknown>\n#1 0x55b0d36eac76 \u003Cunknown>\n#2 0x55b0d3711757 \u003Cunknown>\n#3 0x55b0d3710029 \u003Cunknown>\n#4 0x55b0d374eccc \u003Cunknown>\n#5 0x55b0d374e47f \u003Cunknown>\n#6 0x55b0d3745de3 \u003Cunknown>\n#7 0x55b0d371b2dd \u003Cunknown>\n#8 0x55b0d371c34e \u003Cunknown>\n#9 0x55b0d397b3e4 \u003Cunknown>\n#10 0x55b0d397f3d7 \u003Cunknown>\n#11 0x55b0d3989b20 \u003Cunknown>\n#12 0x55b0d3980023 \u003Cunknown>\n#13 0x55b0d394e1aa \u003Cunknown>\n#14 0x55b0d39a46b8 \u003Cunknown>\n#15 0x55b0d39a4847 \u003Cunknown>\n#16 0x55b0d39b4243 \u003Cunknown>\n#17 0x7f29bca92e22 start_thread\n"}} | headers=HTTPHeaderDict({'Content-Length': '722', 'Content-Type': 'application/json; charset=utf-8', 'cache-control': 'no-cache'})
2024-09-10 23:28:37,694 - selenium.webdriver.remote.remote_connection - DEBUG - Finished Request
2024-09-10 23:28:48,603 - WDM - INFO - ====== WebDriver manager ======
2024-09-10 23:28:48,633 - WDM - INFO - Get LATEST chromedriver version for google-chrome
2024-09-10 23:28:48,635 - urllib3.connectionpool - DEBUG - Starting new HTTPS connection (1): chromedriver.storage.googleapis.com:443
2024-09-10 23:28:48,885 - urllib3.connectionpool - DEBUG - https://chromedriver.storage.googleapis.com:443 "GET /LATEST_RELEASE HTTP/11" 200 13
2024-09-10 23:28:48,886 - WDM - INFO - About to download new driver from https://chromedriver.storage.googleapis.com/114.0.5735.90/chromedriver_linux64.zip
2024-09-10 23:28:48,887 - urllib3.connectionpool - DEBUG - Starting new HTTPS connection (1): chromedriver.storage.googleapis.com:443
2024-09-10 23:28:49,089 - urllib3.connectionpool - DEBUG - https://chromedriver.storage.googleapis.com:443 "GET /114.0.5735.90/chromedriver_linux64.zip HTTP/11" 200 7407250
2024-09-10 23:28:49,090 - WDM - INFO - Driver downloading response is 200
2024-09-10 23:28:56,558 - WDM - INFO - Get LATEST chromedriver version for google-chrome
2024-09-10 23:28:56,558 - urllib3.connectionpool - DEBUG - Starting new HTTPS connection (1): chromedriver.storage.googleapis.com:443
2024-09-10 23:28:56,863 - urllib3.connectionpool - DEBUG - https://chromedriver.storage.googleapis.com:443 "GET /LATEST_RELEASE HTTP/11" 200 13
2024-09-10 23:28:57,002 - WDM - INFO - Get LATEST chromedriver version for google-chrome
2024-09-10 23:28:57,003 - urllib3.connectionpool - DEBUG - Starting new HTTPS connection (1): chromedriver.storage.googleapis.com:443
2024-09-10 23:28:57,189 - urllib3.connectionpool - DEBUG - https://chromedriver.storage.googleapis.com:443 "GET /LATEST_RELEASE HTTP/11" 200 13
2024-09-10 23:28:57,206 - WDM - INFO - Driver has been saved in cache [/home/adhil/.wdm/drivers/chromedriver/linux64/114.0.5735.90]
2024-09-10 23:28:57,208 - selenium.webdriver.common.service - DEBUG - Started executable: `/home/adhil/.wdm/drivers/chromedriver/linux64/114.0.5735.90/chromedriver` in a child process with pid: 8429
2024-09-10 23:28:57,709 - selenium.webdriver.remote.remote_connection - DEBUG - POST http://localhost:54741/session {"capabilities": {"firstMatch": [{}], "alwaysMatch": {"browserName": "chrome", "pageLoadStrategy": "normal", "goog:chromeOptions": {"excludeSwitches": ["enable-automation", "enable-logging"], "prefs": {"profile.default_content_setting_values.images": 2, "profile.managed_default_content_settings.stylesheets": 2}, "extensions": [], "args": ["--start-maximized", "--no-sandbox", "--disable-dev-shm-usage", "--ignore-certificate-errors", "--disable-extensions", "--disable-gpu", "window-size=1200x800", "--disable-background-timer-throttling", "--disable-backgrounding-occluded-windows", "--disable-translate", "--disable-popup-blocking", "--no-first-run", "--no-default-browser-check", "--disable-logging", "--disable-autofill", "--disable-plugins", "--disable-animations", "--disable-cache", "--user-data-dir=/home/adhil/Projects/linkedIn_auto_jobs_applier_with_AI/chrome_profile", "--profile-directory=linkedin_profile"]}}}}
2024-09-10 23:28:57,709 - urllib3.connectionpool - DEBUG - Starting new HTTP connection (1): localhost:54741
2024-09-10 23:28:57,713 - urllib3.connectionpool - DEBUG - http://localhost:54741 "POST /session HTTP/11" 500 0
2024-09-10 23:28:57,713 - selenium.webdriver.remote.remote_connection - DEBUG - Remote response: status=500 | data={"value":{"error":"unknown error","message":"unknown error: cannot find Chrome binary","stacktrace":"#0 0x55bec53b64e3 \u003Cunknown>\n#1 0x55bec50e5c76 \u003Cunknown>\n#2 0x55bec510c757 \u003Cunknown>\n#3 0x55bec510b029 \u003Cunknown>\n#4 0x55bec5149ccc \u003Cunknown>\n#5 0x55bec514947f \u003Cunknown>\n#6 0x55bec5140de3 \u003Cunknown>\n#7 0x55bec51162dd \u003Cunknown>\n#8 0x55bec511734e \u003Cunknown>\n#9 0x55bec53763e4 \u003Cunknown>\n#10 0x55bec537a3d7 \u003Cunknown>\n#11 0x55bec5384b20 \u003Cunknown>\n#12 0x55bec537b023 \u003Cunknown>\n#13 0x55bec53491aa \u003Cunknown>\n#14 0x55bec539f6b8 \u003Cunknown>\n#15 0x55bec539f847 \u003Cunknown>\n#16 0x55bec53af243 \u003Cunknown>\n#17 0x7fea5c492e22 start_thread\n"}} | headers=HTTPHeaderDict({'Content-Length': '722', 'Content-Type': 'application/json; charset=utf-8', 'cache-control': 'no-cache'})
2024-09-10 23:28:57,713 - selenium.webdriver.remote.remote_connection - DEBUG - Finished Request
2024-09-10 23:30:59,952 - WDM - INFO - ====== WebDriver manager ======
2024-09-10 23:30:59,984 - WDM - INFO - Get LATEST chromedriver version for google-chrome
2024-09-10 23:30:59,986 - urllib3.connectionpool - DEBUG - Starting new HTTPS connection (1): chromedriver.storage.googleapis.com:443
2024-09-10 23:31:00,170 - urllib3.connectionpool - DEBUG - https://chromedriver.storage.googleapis.com:443 "GET /LATEST_RELEASE HTTP/11" 200 13
2024-09-10 23:31:00,171 - WDM - INFO - About to download new driver from https://chromedriver.storage.googleapis.com/114.0.5735.90/chromedriver_linux64.zip
2024-09-10 23:31:00,171 - urllib3.connectionpool - DEBUG - Starting new HTTPS connection (1): chromedriver.storage.googleapis.com:443
2024-09-10 23:31:00,399 - urllib3.connectionpool - DEBUG - https://chromedriver.storage.googleapis.com:443 "GET /114.0.5735.90/chromedriver_linux64.zip HTTP/11" 200 7407250
2024-09-10 23:31:00,399 - WDM - INFO - Driver downloading response is 200
2024-09-10 23:31:07,573 - WDM - INFO - Get LATEST chromedriver version for google-chrome
2024-09-10 23:31:07,574 - urllib3.connectionpool - DEBUG - Starting new HTTPS connection (1): chromedriver.storage.googleapis.com:443
2024-09-10 23:31:07,912 - urllib3.connectionpool - DEBUG - https://chromedriver.storage.googleapis.com:443 "GET /LATEST_RELEASE HTTP/11" 200 13
2024-09-10 23:31:08,036 - WDM - INFO - Get LATEST chromedriver version for google-chrome
2024-09-10 23:31:08,037 - urllib3.connectionpool - DEBUG - Starting new HTTPS connection (1): chromedriver.storage.googleapis.com:443
2024-09-10 23:31:08,228 - urllib3.connectionpool - DEBUG - https://chromedriver.storage.googleapis.com:443 "GET /LATEST_RELEASE HTTP/11" 200 13
2024-09-10 23:31:08,243 - WDM - INFO - Driver has been saved in cache [/home/adhil/.wdm/drivers/chromedriver/linux64/114.0.5735.90]
2024-09-10 23:31:08,244 - selenium.webdriver.common.service - DEBUG - Started executable: `/home/adhil/.wdm/drivers/chromedriver/linux64/114.0.5735.90/chromedriver` in a child process with pid: 9920
2024-09-10 23:31:08,746 - selenium.webdriver.remote.remote_connection - DEBUG - POST http://localhost:52109/session {"capabilities": {"firstMatch": [{}], "alwaysMatch": {"browserName": "chrome", "pageLoadStrategy": "normal", "goog:chromeOptions": {"excludeSwitches": ["enable-automation", "enable-logging"], "prefs": {"profile.default_content_setting_values.images": 2, "profile.managed_default_content_settings.stylesheets": 2}, "extensions": [], "args": ["--start-maximized", "--no-sandbox", "--disable-dev-shm-usage", "--ignore-certificate-errors", "--disable-extensions", "--disable-gpu", "window-size=1200x800", "--disable-background-timer-throttling", "--disable-backgrounding-occluded-windows", "--disable-translate", "--disable-popup-blocking", "--no-first-run", "--no-default-browser-check", "--disable-logging", "--disable-autofill", "--disable-plugins", "--disable-animations", "--disable-cache", "--user-data-dir=/home/adhil/Projects/linkedIn_auto_jobs_applier_with_AI/chrome_profile", "--profile-directory=linkedin_profile"]}}}}
2024-09-10 23:31:08,746 - urllib3.connectionpool - DEBUG - Starting new HTTP connection (1): localhost:52109
2024-09-10 23:31:08,751 - urllib3.connectionpool - DEBUG - http://localhost:52109 "POST /session HTTP/11" 500 0
2024-09-10 23:31:08,752 - selenium.webdriver.remote.remote_connection - DEBUG - Remote response: status=500 | data={"value":{"error":"unknown error","message":"unknown error: cannot find Chrome binary","stacktrace":"#0 0x55d007ebf4e3 \u003Cunknown>\n#1 0x55d007beec76 \u003Cunknown>\n#2 0x55d007c15757 \u003Cunknown>\n#3 0x55d007c14029 \u003Cunknown>\n#4 0x55d007c52ccc \u003Cunknown>\n#5 0x55d007c5247f \u003Cunknown>\n#6 0x55d007c49de3 \u003Cunknown>\n#7 0x55d007c1f2dd \u003Cunknown>\n#8 0x55d007c2034e \u003Cunknown>\n#9 0x55d007e7f3e4 \u003Cunknown>\n#10 0x55d007e833d7 \u003Cunknown>\n#11 0x55d007e8db20 \u003Cunknown>\n#12 0x55d007e84023 \u003Cunknown>\n#13 0x55d007e521aa \u003Cunknown>\n#14 0x55d007ea86b8 \u003Cunknown>\n#15 0x55d007ea8847 \u003Cunknown>\n#16 0x55d007eb8243 \u003Cunknown>\n#17 0x7f2d95692e22 start_thread\n"}} | headers=HTTPHeaderDict({'Content-Length': '722', 'Content-Type': 'application/json; charset=utf-8', 'cache-control': 'no-cache'})
2024-09-10 23:31:08,752 - selenium.webdriver.remote.remote_connection - DEBUG - Finished Request
